<?xml version="1.0" encoding="UTF-8"?>
<!-- Generated by org.testng.reporters.JUnitXMLReporter -->
<testsuite hostname="Piyush" name="Test" tests="9" failures="0" timestamp="8 Apr 2020 09:15:52 GMT" time="142.446" errors="0">
  <testcase name="test" time="1.285" classname="testcases.LoginTest"/>
  <testcase name="test" time="0.939" classname="testcases.LoginTest"/>
  <testcase name="test" time="0.842" classname="testcases.LoginTest"/>
  <testcase name="test" time="0.983" classname="testcases.LoginTest"/>
  <testcase name="test" time="1.065" classname="testcases.LoginTest"/>
  <testcase name="test" time="1.292" classname="testcases.LoginTest"/>
  <testcase name="test" time="0.805" classname="testcases.LoginTest"/>
  <testcase name="test" time="1.324" classname="testcases.LoginTest"/>
  <testcase name="test" time="0.93" classname="testcases.LoginTest"/>
</testsuite> <!-- Test -->
