<?xml version="1.0" encoding="UTF-8"?>
<!-- Generated by org.testng.reporters.JUnitXMLReporter -->
<testsuite hostname="Piyush" name="Test1" tests="9" failures="0" timestamp="23 Oct 2020 05:20:52 GMT" time="151.857" errors="0">
  <testcase name="test" time="6.011" classname="testcases.LoginTestSeeker"/>
  <testcase name="test" time="0.579" classname="testcases.LoginTestSeeker"/>
  <testcase name="test" time="1.575" classname="testcases.LoginTestSeeker"/>
  <testcase name="test" time="0.462" classname="testcases.LoginTestSeeker"/>
  <testcase name="test" time="0.422" classname="testcases.LoginTestSeeker"/>
  <testcase name="test" time="0.434" classname="testcases.LoginTestSeeker"/>
  <testcase name="test" time="0.443" classname="testcases.LoginTestSeeker"/>
  <testcase name="test" time="0.525" classname="testcases.LoginTestSeeker"/>
  <testcase name="test" time="0.583" classname="testcases.LoginTestSeeker"/>
</testsuite> <!-- Test1 -->
