<?xml version="1.0" encoding="UTF-8"?>
<!-- Generated by org.testng.reporters.JUnitXMLReporter -->
<testsuite hostname="Piyush" ignored="0" name="Test2" tests="3" failures="0" timestamp="24 Aug 2021 04:24:52 GMT" time="18.229" errors="0">
  <testcase name="test" time="0.503" classname="testcases.LoginTestProvider"/>
  <testcase name="test" time="0.301" classname="testcases.LoginTestProvider"/>
  <testcase name="test" time="0.33" classname="testcases.LoginTestProvider"/>
</testsuite> <!-- Test2 -->
