<?xml version="1.0" encoding="UTF-8"?>
<!-- Generated by org.testng.reporters.JUnitReportReporter -->
<testsuite hostname="Piyush" name="testcases.LoginTestProvider" tests="3" failures="0" timestamp="23 Oct 2020 05:21:13 GMT" time="2.324" errors="0">
  <testcase name="test" time="0.997" classname="testcases.LoginTestProvider"/>
  <testcase name="test" time="0.608" classname="testcases.LoginTestProvider"/>
  <testcase name="test" time="0.719" classname="testcases.LoginTestProvider"/>
</testsuite> <!-- testcases.LoginTestProvider -->
