<?xml version="1.0" encoding="UTF-8"?>
<!-- Generated by org.testng.reporters.JUnitReportReporter -->
<testsuite hostname="Piyush" name="testcases.LoginTest" tests="18" failures="0" timestamp="8 Apr 2020 18:07:19 GMT" time="12.539" errors="0">
  <testcase name="test" time="0.730" classname="testcases.LoginTest"/>
  <testcase name="test" time="0.531" classname="testcases.LoginTest"/>
  <testcase name="test" time="0.470" classname="testcases.LoginTest"/>
  <testcase name="test" time="0.506" classname="testcases.LoginTest"/>
  <testcase name="test" time="0.346" classname="testcases.LoginTest"/>
  <testcase name="test" time="0.220" classname="testcases.LoginTest"/>
  <testcase name="test" time="0.200" classname="testcases.LoginTest"/>
  <testcase name="test" time="5.328" classname="testcases.LoginTest"/>
  <testcase name="test" time="0.188" classname="testcases.LoginTest"/>
  <testcase name="test" time="0.331" classname="testcases.LoginTest"/>
  <testcase name="test" time="0.488" classname="testcases.LoginTest"/>
  <testcase name="test" time="0.499" classname="testcases.LoginTest"/>
  <testcase name="test" time="0.260" classname="testcases.LoginTest"/>
  <testcase name="test" time="0.393" classname="testcases.LoginTest"/>
  <testcase name="test" time="0.440" classname="testcases.LoginTest"/>
  <testcase name="test" time="0.319" classname="testcases.LoginTest"/>
  <testcase name="test" time="0.762" classname="testcases.LoginTest"/>
  <testcase name="test" time="0.528" classname="testcases.LoginTest"/>
</testsuite> <!-- testcases.LoginTest -->
