<?xml version="1.0" encoding="UTF-8"?>
<!-- Generated by org.testng.reporters.JUnitReportReporter -->
<testsuite skipped="0" hostname="Piyush" name="testcases.LoginTestSeeker" tests="3" failures="0" timestamp="24 Aug 2021 04:24:52 GMT" time="1.338" errors="0">
  <testcase name="test" time="0.496" classname="testcases.LoginTestSeeker"/>
  <testcase name="test" time="0.257" classname="testcases.LoginTestSeeker"/>
  <testcase name="test" time="0.585" classname="testcases.LoginTestSeeker"/>
</testsuite> <!-- testcases.LoginTestSeeker -->
