<?xml version="1.0" encoding="UTF-8"?>
<!-- Generated by org.testng.reporters.JUnitReportReporter -->
<testsuite skipped="0" hostname="Piyush" name="testcases.LoginTestProvider" tests="3" failures="0" timestamp="24 Aug 2021 04:24:52 GMT" time="1.134" errors="0">
  <testcase name="test" time="0.301" classname="testcases.LoginTestProvider"/>
  <testcase name="test" time="0.503" classname="testcases.LoginTestProvider"/>
  <testcase name="test" time="0.330" classname="testcases.LoginTestProvider"/>
</testsuite> <!-- testcases.LoginTestProvider -->
